[debug] [2024-09-02T20:29:33.285Z] ----------------------------------------------------------------------
[debug] [2024-09-02T20:29:33.287Z] Command:       C:\Program Files\nodejs\node.exe C:\Users\ahmad\AppData\Roaming\npm\node_modules\firebase-tools\lib\bin\firebase.js deploy
[debug] [2024-09-02T20:29:33.287Z] CLI Version:   13.0.1
[debug] [2024-09-02T20:29:33.287Z] Platform:      win32
[debug] [2024-09-02T20:29:33.287Z] Node Version:  v20.10.0
[debug] [2024-09-02T20:29:33.288Z] Time:          Mon Sep 02 2024 23:29:33 GMT+0300 (GMT+03:00)
[debug] [2024-09-02T20:29:33.288Z] ----------------------------------------------------------------------
[debug] 
[debug] [2024-09-02T20:29:33.343Z] > command requires scopes: ["email","openid","https://www.googleapis.com/auth/cloudplatformprojects.readonly","https://www.googleapis.com/auth/firebase","https://www.googleapis.com/auth/cloud-platform"]
[debug] [2024-09-02T20:29:33.344Z] > authorizing via signed-in user (ahmadeidali863@gmail.com)
[debug] [2024-09-02T20:29:33.344Z] [iam] checking project ahmad-eid-portfolio for permissions ["firebase.projects.get","firebasehosting.sites.update"]
[debug] [2024-09-02T20:29:33.345Z] > refreshing access token with scopes: []
[debug] [2024-09-02T20:29:33.346Z] >>> [apiv2][query] POST https://www.googleapis.com/oauth2/v3/token [none]
[debug] [2024-09-02T20:29:33.346Z] >>> [apiv2][body] POST https://www.googleapis.com/oauth2/v3/token [omitted]
[debug] [2024-09-02T20:29:33.596Z] <<< [apiv2][status] POST https://www.googleapis.com/oauth2/v3/token 400
[debug] [2024-09-02T20:29:33.596Z] <<< [apiv2][body] POST https://www.googleapis.com/oauth2/v3/token [omitted]
[debug] [2024-09-02T20:29:33.596Z] >>> [apiv2][query] POST https://cloudresourcemanager.googleapis.com/v1/projects/ahmad-eid-portfolio:testIamPermissions [none]
[debug] [2024-09-02T20:29:33.596Z] >>> [apiv2][(partial)header] POST https://cloudresourcemanager.googleapis.com/v1/projects/ahmad-eid-portfolio:testIamPermissions x-goog-quota-user=projects/ahmad-eid-portfolio
[debug] [2024-09-02T20:29:33.596Z] >>> [apiv2][body] POST https://cloudresourcemanager.googleapis.com/v1/projects/ahmad-eid-portfolio:testIamPermissions {"permissions":["firebase.projects.get","firebasehosting.sites.update"]}
[debug] [2024-09-02T20:29:34.391Z] <<< [apiv2][status] POST https://cloudresourcemanager.googleapis.com/v1/projects/ahmad-eid-portfolio:testIamPermissions 401
[debug] [2024-09-02T20:29:34.391Z] <<< [apiv2][body] POST https://cloudresourcemanager.googleapis.com/v1/projects/ahmad-eid-portfolio:testIamPermissions {"error":{"code":401,"message":"Request had invalid authentication credentials. Expected OAuth 2 access token, login cookie or other valid authentication credential. See https://developers.google.com/identity/sign-in/web/devconsole-project.","status":"UNAUTHENTICATED","details":[{"@type":"type.googleapis.com/google.rpc.ErrorInfo","reason":"ACCESS_TOKEN_TYPE_UNSUPPORTED","metadata":{"service":"cloudresourcemanager.googleapis.com","method":"google.cloudresourcemanager.v1.Projects.TestIamPermissions"}}]}}
[debug] [2024-09-02T20:29:34.391Z] [iam] error while checking permissions, command may fail: FirebaseError: HTTP Error: 401, Request had invalid authentication credentials. Expected OAuth 2 access token, login cookie or other valid authentication credential. See https://developers.google.com/identity/sign-in/web/devconsole-project.
[debug] [2024-09-02T20:29:34.392Z] > refreshing access token with scopes: []
[debug] [2024-09-02T20:29:34.392Z] >>> [apiv2][query] POST https://www.googleapis.com/oauth2/v3/token [none]
[debug] [2024-09-02T20:29:34.392Z] >>> [apiv2][body] POST https://www.googleapis.com/oauth2/v3/token [omitted]
[debug] [2024-09-02T20:29:34.477Z] <<< [apiv2][status] POST https://www.googleapis.com/oauth2/v3/token 400
[debug] [2024-09-02T20:29:34.477Z] <<< [apiv2][body] POST https://www.googleapis.com/oauth2/v3/token [omitted]
[debug] [2024-09-02T20:29:34.477Z] >>> [apiv2][query] GET https://firebase.googleapis.com/v1beta1/projects/ahmad-eid-portfolio [none]
[debug] [2024-09-02T20:29:34.686Z] <<< [apiv2][status] GET https://firebase.googleapis.com/v1beta1/projects/ahmad-eid-portfolio 401
[debug] [2024-09-02T20:29:34.686Z] <<< [apiv2][body] GET https://firebase.googleapis.com/v1beta1/projects/ahmad-eid-portfolio {"error":{"code":401,"message":"Request had invalid authentication credentials. Expected OAuth 2 access token, login cookie or other valid authentication credential. See https://developers.google.com/identity/sign-in/web/devconsole-project.","status":"UNAUTHENTICATED"}}
[debug] [2024-09-02T20:29:34.686Z] HTTP Error: 401, Request had invalid authentication credentials. Expected OAuth 2 access token, login cookie or other valid authentication credential. See https://developers.google.com/identity/sign-in/web/devconsole-project.
[error] 
[error] Error: Assertion failed: resolving hosting target of a site with no site name or target name. This should have caused an error earlier
[debug] [2024-09-02T20:30:49.269Z] ----------------------------------------------------------------------
[debug] [2024-09-02T20:30:49.271Z] Command:       C:\Program Files\nodejs\node.exe C:\Users\ahmad\AppData\Roaming\npm\node_modules\firebase-tools\lib\bin\firebase.js deploy --only hosting
[debug] [2024-09-02T20:30:49.271Z] CLI Version:   13.0.1
[debug] [2024-09-02T20:30:49.271Z] Platform:      win32
[debug] [2024-09-02T20:30:49.271Z] Node Version:  v20.10.0
[debug] [2024-09-02T20:30:49.271Z] Time:          Mon Sep 02 2024 23:30:49 GMT+0300 (GMT+03:00)
[debug] [2024-09-02T20:30:49.271Z] ----------------------------------------------------------------------
[debug] 
[debug] [2024-09-02T20:30:49.325Z] > command requires scopes: ["email","openid","https://www.googleapis.com/auth/cloudplatformprojects.readonly","https://www.googleapis.com/auth/firebase","https://www.googleapis.com/auth/cloud-platform"]
[debug] [2024-09-02T20:30:49.325Z] > authorizing via signed-in user (ahmadeidali863@gmail.com)
[debug] [2024-09-02T20:30:49.325Z] [iam] checking project ahmad-eid-portfolio for permissions ["firebase.projects.get","firebasehosting.sites.update"]
[debug] [2024-09-02T20:30:49.329Z] > refreshing access token with scopes: []
[debug] [2024-09-02T20:30:49.331Z] >>> [apiv2][query] POST https://www.googleapis.com/oauth2/v3/token [none]
[debug] [2024-09-02T20:30:49.331Z] >>> [apiv2][body] POST https://www.googleapis.com/oauth2/v3/token [omitted]
[debug] [2024-09-02T20:30:49.578Z] <<< [apiv2][status] POST https://www.googleapis.com/oauth2/v3/token 400
[debug] [2024-09-02T20:30:49.578Z] <<< [apiv2][body] POST https://www.googleapis.com/oauth2/v3/token [omitted]
[debug] [2024-09-02T20:30:49.578Z] >>> [apiv2][query] POST https://cloudresourcemanager.googleapis.com/v1/projects/ahmad-eid-portfolio:testIamPermissions [none]
[debug] [2024-09-02T20:30:49.578Z] >>> [apiv2][(partial)header] POST https://cloudresourcemanager.googleapis.com/v1/projects/ahmad-eid-portfolio:testIamPermissions x-goog-quota-user=projects/ahmad-eid-portfolio
[debug] [2024-09-02T20:30:49.578Z] >>> [apiv2][body] POST https://cloudresourcemanager.googleapis.com/v1/projects/ahmad-eid-portfolio:testIamPermissions {"permissions":["firebase.projects.get","firebasehosting.sites.update"]}
[debug] [2024-09-02T20:30:50.521Z] <<< [apiv2][status] POST https://cloudresourcemanager.googleapis.com/v1/projects/ahmad-eid-portfolio:testIamPermissions 401
[debug] [2024-09-02T20:30:50.522Z] <<< [apiv2][body] POST https://cloudresourcemanager.googleapis.com/v1/projects/ahmad-eid-portfolio:testIamPermissions {"error":{"code":401,"message":"Request had invalid authentication credentials. Expected OAuth 2 access token, login cookie or other valid authentication credential. See https://developers.google.com/identity/sign-in/web/devconsole-project.","status":"UNAUTHENTICATED","details":[{"@type":"type.googleapis.com/google.rpc.ErrorInfo","reason":"ACCESS_TOKEN_TYPE_UNSUPPORTED","metadata":{"method":"google.cloudresourcemanager.v1.Projects.TestIamPermissions","service":"cloudresourcemanager.googleapis.com"}}]}}
[debug] [2024-09-02T20:30:50.523Z] [iam] error while checking permissions, command may fail: FirebaseError: HTTP Error: 401, Request had invalid authentication credentials. Expected OAuth 2 access token, login cookie or other valid authentication credential. See https://developers.google.com/identity/sign-in/web/devconsole-project.
[debug] [2024-09-02T20:30:50.523Z] > refreshing access token with scopes: []
[debug] [2024-09-02T20:30:50.524Z] >>> [apiv2][query] POST https://www.googleapis.com/oauth2/v3/token [none]
[debug] [2024-09-02T20:30:50.524Z] >>> [apiv2][body] POST https://www.googleapis.com/oauth2/v3/token [omitted]
[debug] [2024-09-02T20:30:50.611Z] <<< [apiv2][status] POST https://www.googleapis.com/oauth2/v3/token 400
[debug] [2024-09-02T20:30:50.611Z] <<< [apiv2][body] POST https://www.googleapis.com/oauth2/v3/token [omitted]
[debug] [2024-09-02T20:30:50.611Z] >>> [apiv2][query] GET https://firebase.googleapis.com/v1beta1/projects/ahmad-eid-portfolio [none]
[debug] [2024-09-02T20:30:50.820Z] <<< [apiv2][status] GET https://firebase.googleapis.com/v1beta1/projects/ahmad-eid-portfolio 401
[debug] [2024-09-02T20:30:50.820Z] <<< [apiv2][body] GET https://firebase.googleapis.com/v1beta1/projects/ahmad-eid-portfolio {"error":{"code":401,"message":"Request had invalid authentication credentials. Expected OAuth 2 access token, login cookie or other valid authentication credential. See https://developers.google.com/identity/sign-in/web/devconsole-project.","status":"UNAUTHENTICATED"}}
[debug] [2024-09-02T20:30:50.820Z] HTTP Error: 401, Request had invalid authentication credentials. Expected OAuth 2 access token, login cookie or other valid authentication credential. See https://developers.google.com/identity/sign-in/web/devconsole-project.
[error] 
[error] Error: Assertion failed: resolving hosting target of a site with no site name or target name. This should have caused an error earlier
